<?xml version="1.0" encoding="UTF-8"?>
<testng-results skipped="0" failed="0" ignored="0" total="1" passed="1">
  <reporter-output>
  </reporter-output>
  <suite name="Single" duration-ms="21706" started-at="2017-04-14T08:49:18Z" finished-at="2017-04-14T08:49:39Z">
    <groups>
    </groups>
    <test name="SingleTest" duration-ms="21706" started-at="2017-04-14T08:49:18Z" finished-at="2017-04-14T08:49:39Z">
      <class name="com.browserstack.SingleTest">
        <test-method status="PASS" signature="setUp(java.lang.String, java.lang.String)[pri:0, instance:com.browserstack.SingleTest@23ceabc1]" name="setUp" is-config="true" duration-ms="10583" started-at="2017-04-14T11:49:18Z" finished-at="2017-04-14T11:49:28Z">
          <params>
            <param index="0">
              <value>
                <![CDATA[single.conf.json]]>
              </value>
            </param>
            <param index="1">
              <value>
                <![CDATA[chrome]]>
              </value>
            </param>
          </params>
          <reporter-output>
          </reporter-output>
        </test-method> <!-- setUp -->
        <test-method status="PASS" signature="test()[pri:0, instance:com.browserstack.SingleTest@23ceabc1]" name="test" duration-ms="5424" started-at="2017-04-14T11:49:28Z" finished-at="2017-04-14T11:49:34Z">
          <reporter-output>
          </reporter-output>
        </test-method> <!-- test -->
        <test-method status="PASS" signature="tearDown()[pri:0, instance:com.browserstack.SingleTest@23ceabc1]" name="tearDown" is-config="true" duration-ms="5664" started-at="2017-04-14T11:49:34Z" finished-at="2017-04-14T11:49:39Z">
          <reporter-output>
          </reporter-output>
        </test-method> <!-- tearDown -->
      </class> <!-- com.browserstack.SingleTest -->
    </test> <!-- SingleTest -->
  </suite> <!-- Single -->
</testng-results>
