<?xml version="1.0" encoding="UTF-8"?>
<testng-results skipped="0" failed="0" ignored="0" total="1" passed="1">
  <reporter-output>
  </reporter-output>
  <suite name="Single" duration-ms="16934" started-at="2017-04-14T10:15:45Z" finished-at="2017-04-14T10:16:02Z">
    <groups>
    </groups>
    <test name="SingleTest" duration-ms="16934" started-at="2017-04-14T10:15:45Z" finished-at="2017-04-14T10:16:02Z">
      <class name="com.browserstack.SingleTest">
        <test-method status="PASS" signature="setUp(java.lang.String, java.lang.String)[pri:0, instance:com.browserstack.SingleTest@50f8360d]" name="setUp" is-config="true" duration-ms="6709" started-at="2017-04-14T13:15:45Z" finished-at="2017-04-14T13:15:52Z">
          <params>
            <param index="0">
              <value>
                <![CDATA[single.conf.json]]>
              </value>
            </param>
            <param index="1">
              <value>
                <![CDATA[chrome]]>
              </value>
            </param>
          </params>
          <reporter-output>
          </reporter-output>
        </test-method> <!-- setUp -->
        <test-method status="PASS" signature="test()[pri:0, instance:com.browserstack.SingleTest@50f8360d]" name="test" duration-ms="4794" started-at="2017-04-14T13:15:52Z" finished-at="2017-04-14T13:15:57Z">
          <reporter-output>
          </reporter-output>
        </test-method> <!-- test -->
        <test-method status="PASS" signature="tearDown()[pri:0, instance:com.browserstack.SingleTest@50f8360d]" name="tearDown" is-config="true" duration-ms="5390" started-at="2017-04-14T13:15:57Z" finished-at="2017-04-14T13:16:02Z">
          <reporter-output>
          </reporter-output>
        </test-method> <!-- tearDown -->
      </class> <!-- com.browserstack.SingleTest -->
    </test> <!-- SingleTest -->
  </suite> <!-- Single -->
</testng-results>
